c:\users\husker\desktop\gantry\gvision\gvision\release\gvision.pch
c:\users\husker\desktop\gantry\gvision\gvision\release\vc140.pdb
c:\users\husker\desktop\gantry\gvision\gvision\release\stdafx.obj
c:\users\husker\desktop\gantry\gvision\gvision\release\dllmain.obj
c:\users\husker\desktop\gantry\gvision\gvision\release\safe_move.obj
c:\users\husker\desktop\gantry\gvision\gvision\release\gvision.obj
c:\users\husker\desktop\gantry\gvision\release\gvision.lib
c:\users\husker\desktop\gantry\gvision\release\gvision.exp
c:\users\husker\desktop\gantry\gvision\release\gvision.dll
c:\users\husker\desktop\gantry\gvision\release\gvision.ipdb
c:\users\husker\desktop\gantry\gvision\release\gvision.iobj
c:\users\husker\desktop\gantry\gvision\release\gvision.pdb
c:\users\dustindam\desktop\gantry\gvision\gvision\release\dllmain.obj
c:\users\dustindam\desktop\gantry\gvision\gvision\release\gvision.obj
c:\users\dustindam\desktop\gantry\gvision\gvision\release\safe_move.obj
c:\users\dustindam\desktop\gantry\gvision\gvision\release\stdafx.obj
c:\users\dustindam\desktop\gantry\gvision\gvision\release\gvision.pch
c:\users\dustindam\desktop\gantry\gvision\gvision\release\vc140.pdb
c:\users\dustindam\desktop\gantry\gvision\release\gvision.pdb
c:\users\dustindam\desktop\gantry\gvision\release\gvision.dll
c:\users\dustindam\desktop\gantry\gvision\gvision\release\gvision.tlog\cl.command.1.tlog
c:\users\dustindam\desktop\gantry\gvision\gvision\release\gvision.tlog\cl.read.1.tlog
c:\users\dustindam\desktop\gantry\gvision\gvision\release\gvision.tlog\cl.write.1.tlog
c:\users\dustindam\desktop\gantry\gvision\gvision\release\gvision.tlog\gvision.write.1u.tlog
c:\users\dustindam\desktop\gantry\gvision\gvision\release\gvision.tlog\link.command.1.tlog
c:\users\dustindam\desktop\gantry\gvision\gvision\release\gvision.tlog\link.read.1.tlog
c:\users\dustindam\desktop\gantry\gvision\gvision\release\gvision.tlog\link.write.1.tlog
